<?xml version="1.0" encoding="UTF-8"?>
<testng-results skipped="0" failed="1" total="6" passed="5">
  <reporter-output>
  </reporter-output>
  <suite name="Default suite" duration-ms="59" started-at="2018-04-26T06:32:47Z" finished-at="2018-04-26T06:32:48Z">
    <groups>
    </groups>
    <test name="Default test" duration-ms="59" started-at="2018-04-26T06:32:47Z" finished-at="2018-04-26T06:32:48Z">
      <class name="seleniummukesh.Hardassertiondifferent">
        <test-method status="FAIL" signature="assertEquals()[pri:0, instance:seleniummukesh.Hardassertiondifferent@1ee9faa]" name="assertEquals" duration-ms="19" started-at="2018-04-26T12:02:47Z" finished-at="2018-04-26T12:02:47Z">
          <exception class="java.lang.AssertionError">
            <message>
              <![CDATA[expected [This assertion will fail] but found [assertion]]]>
            </message>
            <full-stacktrace>
              <![CDATA[java.lang.AssertionError: expected [This assertion will fail] but found [assertion]
	at org.testng.Assert.fail(Assert.java:94)
	at org.testng.Assert.failNotEquals(Assert.java:494)
	at org.testng.Assert.assertEquals(Assert.java:123)
	at org.testng.Assert.assertEquals(Assert.java:176)
	at org.testng.Assert.assertEquals(Assert.java:186)
	at seleniummukesh.Hardassertiondifferent.assertEquals(Hardassertiondifferent.java:12)
	at sun.reflect.NativeMethodAccessorImpl.invoke0(Native Method)
	at sun.reflect.NativeMethodAccessorImpl.invoke(Unknown Source)
	at sun.reflect.DelegatingMethodAccessorImpl.invoke(Unknown Source)
	at java.lang.reflect.Method.invoke(Unknown Source)
	at org.testng.internal.MethodInvocationHelper.invokeMethod(MethodInvocationHelper.java:84)
	at org.testng.internal.Invoker.invokeMethod(Invoker.java:714)
	at org.testng.internal.Invoker.invokeTestMethod(Invoker.java:901)
	at org.testng.internal.Invoker.invokeTestMethods(Invoker.java:1231)
	at org.testng.internal.TestMethodWorker.invokeTestMethods(TestMethodWorker.java:127)
	at org.testng.internal.TestMethodWorker.run(TestMethodWorker.java:111)
	at org.testng.TestRunner.privateRun(TestRunner.java:767)
	at org.testng.TestRunner.run(TestRunner.java:617)
	at org.testng.SuiteRunner.runTest(SuiteRunner.java:334)
	at org.testng.SuiteRunner.runSequentially(SuiteRunner.java:329)
	at org.testng.SuiteRunner.privateRun(SuiteRunner.java:291)
	at org.testng.SuiteRunner.run(SuiteRunner.java:240)
	at org.testng.SuiteRunnerWorker.runSuite(SuiteRunnerWorker.java:52)
	at org.testng.SuiteRunnerWorker.run(SuiteRunnerWorker.java:86)
	at org.testng.TestNG.runSuitesSequentially(TestNG.java:1224)
	at org.testng.TestNG.runSuitesLocally(TestNG.java:1149)
	at org.testng.TestNG.run(TestNG.java:1057)
	at org.testng.remote.AbstractRemoteTestNG.run(AbstractRemoteTestNG.java:132)
	at org.testng.remote.RemoteTestNG.initAndRun(RemoteTestNG.java:230)
	at org.testng.remote.RemoteTestNG.main(RemoteTestNG.java:76)
]]>
            </full-stacktrace>
          </exception> <!-- java.lang.AssertionError -->
          <reporter-output>
          </reporter-output>
        </test-method> <!-- assertEquals -->
        <test-method status="PASS" signature="assertFalse()[pri:0, instance:seleniummukesh.Hardassertiondifferent@1ee9faa]" name="assertFalse" duration-ms="2" started-at="2018-04-26T12:02:47Z" finished-at="2018-04-26T12:02:48Z">
          <reporter-output>
          </reporter-output>
        </test-method> <!-- assertFalse -->
        <test-method status="PASS" signature="assertNotEquals()[pri:0, instance:seleniummukesh.Hardassertiondifferent@1ee9faa]" name="assertNotEquals" duration-ms="2" started-at="2018-04-26T12:02:48Z" finished-at="2018-04-26T12:02:48Z">
          <reporter-output>
          </reporter-output>
        </test-method> <!-- assertNotEquals -->
        <test-method status="PASS" signature="assertNotNull()[pri:0, instance:seleniummukesh.Hardassertiondifferent@1ee9faa]" name="assertNotNull" duration-ms="2" started-at="2018-04-26T12:02:48Z" finished-at="2018-04-26T12:02:48Z">
          <reporter-output>
          </reporter-output>
        </test-method> <!-- assertNotNull -->
        <test-method status="PASS" signature="assertNull()[pri:0, instance:seleniummukesh.Hardassertiondifferent@1ee9faa]" name="assertNull" duration-ms="1" started-at="2018-04-26T12:02:48Z" finished-at="2018-04-26T12:02:48Z">
          <reporter-output>
          </reporter-output>
        </test-method> <!-- assertNull -->
        <test-method status="PASS" signature="assertTrue()[pri:0, instance:seleniummukesh.Hardassertiondifferent@1ee9faa]" name="assertTrue" duration-ms="2" started-at="2018-04-26T12:02:48Z" finished-at="2018-04-26T12:02:48Z">
          <reporter-output>
          </reporter-output>
        </test-method> <!-- assertTrue -->
      </class> <!-- seleniummukesh.Hardassertiondifferent -->
    </test> <!-- Default test -->
  </suite> <!-- Default suite -->
</testng-results>
